----------------------------------------------------------------
Tue Jun 26 23:50:54 CEST 2012:
Booting Derby version The Apache Software Foundation - Apache Derby - 10.8.2.2 - (1181258): instance a816c00e-0138-2ac6-9781-00000439b0b8 
on database directory memory:/Users/cmueller/workspaceSuS/org.apache.cmueller.camel.sus.camel-in-daily-use/part-2/dataSource  with class loader sun.misc.Launcher$AppClassLoader@5ab8df17 
Loaded from file:/Users/cmueller/.m2/repository/org/apache/derby/derby/10.8.2.2/derby-10.8.2.2.jar
java.vendor=Apple Inc.
java.runtime.version=1.6.0_33-b03-424-11M3720
user.dir=/Users/cmueller/workspaceSuS/org.apache.cmueller.camel.sus.camel-in-daily-use/part-2
derby.system.home=null
derby.stream.error.method=org.springframework.jdbc.datasource.embedded.OutputStreamFactory.getNoopOutputStream
Database Class Loader started - derby.database.classpath=''
----------------------------------------------------------------
Tue Jun 26 23:50:56 CEST 2012:
Shutting down instance a816c00e-0138-2ac6-9781-00000439b0b8 on database directory memory:/Users/cmueller/workspaceSuS/org.apache.cmueller.camel.sus.camel-in-daily-use/part-2/dataSource with class loader sun.misc.Launcher$AppClassLoader@5ab8df17 
----------------------------------------------------------------
Tue Jun 26 23:50:58 CEST 2012:
Booting Derby version The Apache Software Foundation - Apache Derby - 10.8.2.2 - (1181258): instance 94bc40a2-0138-2ac6-9781-00000439b0b8 
on database directory memory:/Users/cmueller/workspaceSuS/org.apache.cmueller.camel.sus.camel-in-daily-use/part-2/dataSource  with class loader sun.misc.Launcher$AppClassLoader@5ab8df17 
Loaded from file:/Users/cmueller/.m2/repository/org/apache/derby/derby/10.8.2.2/derby-10.8.2.2.jar
java.vendor=Apple Inc.
java.runtime.version=1.6.0_33-b03-424-11M3720
user.dir=/Users/cmueller/workspaceSuS/org.apache.cmueller.camel.sus.camel-in-daily-use/part-2
derby.system.home=null
derby.stream.error.method=org.springframework.jdbc.datasource.embedded.OutputStreamFactory.getNoopOutputStream
Database Class Loader started - derby.database.classpath=''
----------------------------------------------------------------
Tue Jun 26 23:51:04 CEST 2012:
Shutting down instance 94bc40a2-0138-2ac6-9781-00000439b0b8 on database directory memory:/Users/cmueller/workspaceSuS/org.apache.cmueller.camel.sus.camel-in-daily-use/part-2/dataSource with class loader sun.misc.Launcher$AppClassLoader@5ab8df17 
----------------------------------------------------------------
Tue Jun 26 23:51:05 CEST 2012:
Booting Derby version The Apache Software Foundation - Apache Derby - 10.8.2.2 - (1181258): instance 96c5c136-0138-2ac6-9781-00000439b0b8 
on database directory memory:/Users/cmueller/workspaceSuS/org.apache.cmueller.camel.sus.camel-in-daily-use/part-2/dataSource  with class loader sun.misc.Launcher$AppClassLoader@5ab8df17 
Loaded from file:/Users/cmueller/.m2/repository/org/apache/derby/derby/10.8.2.2/derby-10.8.2.2.jar
java.vendor=Apple Inc.
java.runtime.version=1.6.0_33-b03-424-11M3720
user.dir=/Users/cmueller/workspaceSuS/org.apache.cmueller.camel.sus.camel-in-daily-use/part-2
derby.system.home=null
derby.stream.error.method=org.springframework.jdbc.datasource.embedded.OutputStreamFactory.getNoopOutputStream
Database Class Loader started - derby.database.classpath=''
----------------------------------------------------------------
Tue Jun 26 23:51:08 CEST 2012:
Shutting down instance 96c5c136-0138-2ac6-9781-00000439b0b8 on database directory memory:/Users/cmueller/workspaceSuS/org.apache.cmueller.camel.sus.camel-in-daily-use/part-2/dataSource with class loader sun.misc.Launcher$AppClassLoader@5ab8df17 
----------------------------------------------------------------
Tue Jun 26 23:51:09 CEST 2012:
Booting Derby version The Apache Software Foundation - Apache Derby - 10.8.2.2 - (1181258): instance ae3341ca-0138-2ac6-9781-00000439b0b8 
on database directory memory:/Users/cmueller/workspaceSuS/org.apache.cmueller.camel.sus.camel-in-daily-use/part-2/dataSource  with class loader sun.misc.Launcher$AppClassLoader@5ab8df17 
Loaded from file:/Users/cmueller/.m2/repository/org/apache/derby/derby/10.8.2.2/derby-10.8.2.2.jar
java.vendor=Apple Inc.
java.runtime.version=1.6.0_33-b03-424-11M3720
user.dir=/Users/cmueller/workspaceSuS/org.apache.cmueller.camel.sus.camel-in-daily-use/part-2
derby.system.home=null
derby.stream.error.method=org.springframework.jdbc.datasource.embedded.OutputStreamFactory.getNoopOutputStream
Database Class Loader started - derby.database.classpath=''
----------------------------------------------------------------
Tue Jun 26 23:51:13 CEST 2012:
Shutting down instance ae3341ca-0138-2ac6-9781-00000439b0b8 on database directory memory:/Users/cmueller/workspaceSuS/org.apache.cmueller.camel.sus.camel-in-daily-use/part-2/dataSource with class loader sun.misc.Launcher$AppClassLoader@5ab8df17 
----------------------------------------------------------------
Tue Jun 26 23:51:14 CEST 2012:
Booting Derby version The Apache Software Foundation - Apache Derby - 10.8.2.2 - (1181258): instance db04c25e-0138-2ac6-9781-00000439b0b8 
on database directory memory:/Users/cmueller/workspaceSuS/org.apache.cmueller.camel.sus.camel-in-daily-use/part-2/dataSource  with class loader sun.misc.Launcher$AppClassLoader@5ab8df17 
Loaded from file:/Users/cmueller/.m2/repository/org/apache/derby/derby/10.8.2.2/derby-10.8.2.2.jar
java.vendor=Apple Inc.
java.runtime.version=1.6.0_33-b03-424-11M3720
user.dir=/Users/cmueller/workspaceSuS/org.apache.cmueller.camel.sus.camel-in-daily-use/part-2
derby.system.home=null
derby.stream.error.method=org.springframework.jdbc.datasource.embedded.OutputStreamFactory.getNoopOutputStream
Database Class Loader started - derby.database.classpath=''
----------------------------------------------------------------
Tue Jun 26 23:51:17 CEST 2012:
Shutting down instance db04c25e-0138-2ac6-9781-00000439b0b8 on database directory memory:/Users/cmueller/workspaceSuS/org.apache.cmueller.camel.sus.camel-in-daily-use/part-2/dataSource with class loader sun.misc.Launcher$AppClassLoader@5ab8df17 
----------------------------------------------------------------
Tue Jun 26 23:51:19 CEST 2012:
Booting Derby version The Apache Software Foundation - Apache Derby - 10.8.2.2 - (1181258): instance 1d3a42f2-0138-2ac6-9781-00000439b0b8 
on database directory memory:/Users/cmueller/workspaceSuS/org.apache.cmueller.camel.sus.camel-in-daily-use/part-2/dataSource  with class loader sun.misc.Launcher$AppClassLoader@5ab8df17 
Loaded from file:/Users/cmueller/.m2/repository/org/apache/derby/derby/10.8.2.2/derby-10.8.2.2.jar
java.vendor=Apple Inc.
java.runtime.version=1.6.0_33-b03-424-11M3720
user.dir=/Users/cmueller/workspaceSuS/org.apache.cmueller.camel.sus.camel-in-daily-use/part-2
derby.system.home=null
derby.stream.error.method=org.springframework.jdbc.datasource.embedded.OutputStreamFactory.getNoopOutputStream
Database Class Loader started - derby.database.classpath=''
----------------------------------------------------------------
Tue Jun 26 23:51:21 CEST 2012:
Shutting down instance 1d3a42f2-0138-2ac6-9781-00000439b0b8 on database directory memory:/Users/cmueller/workspaceSuS/org.apache.cmueller.camel.sus.camel-in-daily-use/part-2/dataSource with class loader sun.misc.Launcher$AppClassLoader@5ab8df17 
----------------------------------------------------------------
Tue Jun 26 23:51:24 CEST 2012:
Booting Derby version The Apache Software Foundation - Apache Derby - 10.8.2.2 - (1181258): instance 74d3c386-0138-2ac6-9781-00000439b0b8 
on database directory memory:/Users/cmueller/workspaceSuS/org.apache.cmueller.camel.sus.camel-in-daily-use/part-2/dataSource  with class loader sun.misc.Launcher$AppClassLoader@5ab8df17 
Loaded from file:/Users/cmueller/.m2/repository/org/apache/derby/derby/10.8.2.2/derby-10.8.2.2.jar
java.vendor=Apple Inc.
java.runtime.version=1.6.0_33-b03-424-11M3720
user.dir=/Users/cmueller/workspaceSuS/org.apache.cmueller.camel.sus.camel-in-daily-use/part-2
derby.system.home=null
derby.stream.error.method=org.springframework.jdbc.datasource.embedded.OutputStreamFactory.getNoopOutputStream
Database Class Loader started - derby.database.classpath=''
----------------------------------------------------------------
Tue Jun 26 23:51:25 CEST 2012:
Shutting down instance 74d3c386-0138-2ac6-9781-00000439b0b8 on database directory memory:/Users/cmueller/workspaceSuS/org.apache.cmueller.camel.sus.camel-in-daily-use/part-2/dataSource with class loader sun.misc.Launcher$AppClassLoader@5ab8df17 
----------------------------------------------------------------
Tue Jun 26 23:51:26 CEST 2012:
Booting Derby version The Apache Software Foundation - Apache Derby - 10.8.2.2 - (1181258): instance e1d1441a-0138-2ac6-9781-00000439b0b8 
on database directory memory:/Users/cmueller/workspaceSuS/org.apache.cmueller.camel.sus.camel-in-daily-use/part-2/dataSource  with class loader sun.misc.Launcher$AppClassLoader@5ab8df17 
Loaded from file:/Users/cmueller/.m2/repository/org/apache/derby/derby/10.8.2.2/derby-10.8.2.2.jar
java.vendor=Apple Inc.
java.runtime.version=1.6.0_33-b03-424-11M3720
user.dir=/Users/cmueller/workspaceSuS/org.apache.cmueller.camel.sus.camel-in-daily-use/part-2
derby.system.home=null
derby.stream.error.method=org.springframework.jdbc.datasource.embedded.OutputStreamFactory.getNoopOutputStream
Database Class Loader started - derby.database.classpath=''
----------------------------------------------------------------
Tue Jun 26 23:51:29 CEST 2012:
Shutting down instance e1d1441a-0138-2ac6-9781-00000439b0b8 on database directory memory:/Users/cmueller/workspaceSuS/org.apache.cmueller.camel.sus.camel-in-daily-use/part-2/dataSource with class loader sun.misc.Launcher$AppClassLoader@5ab8df17 
----------------------------------------------------------------
Tue Jun 26 23:51:31 CEST 2012:
Booting Derby version The Apache Software Foundation - Apache Derby - 10.8.2.2 - (1181258): instance 6432c4ae-0138-2ac6-9781-00000439b0b8 
on database directory memory:/Users/cmueller/workspaceSuS/org.apache.cmueller.camel.sus.camel-in-daily-use/part-2/dataSource  with class loader sun.misc.Launcher$AppClassLoader@5ab8df17 
Loaded from file:/Users/cmueller/.m2/repository/org/apache/derby/derby/10.8.2.2/derby-10.8.2.2.jar
java.vendor=Apple Inc.
java.runtime.version=1.6.0_33-b03-424-11M3720
user.dir=/Users/cmueller/workspaceSuS/org.apache.cmueller.camel.sus.camel-in-daily-use/part-2
derby.system.home=null
derby.stream.error.method=org.springframework.jdbc.datasource.embedded.OutputStreamFactory.getNoopOutputStream
Database Class Loader started - derby.database.classpath=''
----------------------------------------------------------------
Tue Jun 26 23:51:33 CEST 2012:
Shutting down instance 6432c4ae-0138-2ac6-9781-00000439b0b8 on database directory memory:/Users/cmueller/workspaceSuS/org.apache.cmueller.camel.sus.camel-in-daily-use/part-2/dataSource with class loader sun.misc.Launcher$AppClassLoader@5ab8df17 
----------------------------------------------------------------
Tue Jun 26 23:51:36 CEST 2012:
Booting Derby version The Apache Software Foundation - Apache Derby - 10.8.2.2 - (1181258): instance 1928854c-0138-2ac6-9781-00000439b0b8 
on database directory memory:/Users/cmueller/workspaceSuS/org.apache.cmueller.camel.sus.camel-in-daily-use/part-2/dataSource  with class loader sun.misc.Launcher$AppClassLoader@5ab8df17 
Loaded from file:/Users/cmueller/.m2/repository/org/apache/derby/derby/10.8.2.2/derby-10.8.2.2.jar
java.vendor=Apple Inc.
java.runtime.version=1.6.0_33-b03-424-11M3720
user.dir=/Users/cmueller/workspaceSuS/org.apache.cmueller.camel.sus.camel-in-daily-use/part-2
derby.system.home=null
derby.stream.error.method=org.springframework.jdbc.datasource.embedded.OutputStreamFactory.getNoopOutputStream
Database Class Loader started - derby.database.classpath=''
----------------------------------------------------------------
Tue Jun 26 23:51:37 CEST 2012:
Shutting down instance 1928854c-0138-2ac6-9781-00000439b0b8 on database directory memory:/Users/cmueller/workspaceSuS/org.apache.cmueller.camel.sus.camel-in-daily-use/part-2/dataSource with class loader sun.misc.Launcher$AppClassLoader@5ab8df17 
